<?xml version="1.0" encoding="UTF-8"?>
<!-- Generated by org.testng.reporters.JUnitReportReporter -->
<testsuite hostname="FCP-0019519-L" failures="0" tests="1" name="TestHelloWorld" time="75.167" errors="0" timestamp="2021-02-11T15:22:40 IST" skipped="0">
  <testcase classname="TestHelloWorld" name="test" time="75.167"/>
  <system-out/>
</testsuite> <!-- TestHelloWorld -->
