<?xml version="1.0" encoding="UTF-8"?>
<!-- Generated by org.testng.reporters.JUnitReportReporter -->
<testsuite hostname="FCP-0019519-L" failures="0" tests="1" name="TestPages.LoginToCMS" time="0.005" errors="0" timestamp="2021-04-09T14:25:30 IST" skipped="0">
  <testcase classname="TestPages.LoginToCMS" name="f" time="0.005"/>
  <system-out/>
</testsuite> <!-- TestPages.LoginToCMS -->
