<?xml version="1.0" encoding="UTF-8"?>
<!-- Generated by org.testng.reporters.JUnitReportReporter -->
<testsuite hostname="FCP-0019519-L" failures="0" tests="2" name="TestNGPractice.phpTravelsLogin" time="12.594" errors="0" timestamp="2021-08-09T18:14:57 IST" skipped="0">
  <testcase classname="TestNGPractice.phpTravelsLogin" name="verifyEmailAndPaswrdExiss" time="0.001"/>
  <system-out/>
  <testcase classname="TestNGPractice.phpTravelsLogin" name="Register" time="12.593"/>
  <system-out/>
</testsuite> <!-- TestNGPractice.phpTravelsLogin -->
