<?xml version="1.0" encoding="UTF-8"?>
<!-- Generated by org.testng.reporters.JUnitReportReporter -->
<testsuite hostname="FCP-0019519-L" failures="0" tests="1" name="TestPages.GIG5ResellerLocator" time="20.435" errors="0" timestamp="2021-04-08T15:52:31 IST" skipped="0">
  <testcase classname="TestPages.GIG5ResellerLocator" name="enterCountry" time="20.435"/>
  <system-out/>
</testsuite> <!-- TestPages.GIG5ResellerLocator -->
