<?xml version="1.0" encoding="UTF-8"?>
<!-- Generated by org.testng.reporters.JUnitReportReporter -->
<testsuite hostname="FCP-0019519-L" failures="0" tests="1" name="TestPages.GoogleSearchTest2WithElementObject" time="3.290" errors="0" timestamp="2021-02-18T15:01:22 IST" skipped="0">
  <testcase classname="TestPages.GoogleSearchTest2WithElementObject" name="GoogleSearchFunction" time="3.290"/>
  <system-out/>
</testsuite> <!-- TestPages.GoogleSearchTest2WithElementObject -->
