<?xml version="1.0" encoding="UTF-8"?>
<!-- Generated by org.testng.reporters.JUnitReportReporter -->
<testsuite hostname="FCP-0019519-L" failures="0" tests="3" name="Guru99Practice.LoginTest" time="17.974" errors="0" timestamp="2021-08-19T17:58:55 IST" skipped="0">
  <testcase classname="Guru99Practice.LoginTest" name="validloginTest" time="7.685"/>
  <system-out/>
  <testcase classname="Guru99Practice.LoginTest" name="invalidUsernameLoginTest" time="5.557"/>
  <system-out/>
  <testcase classname="Guru99Practice.LoginTest" name="invalidPasswordLoginTest" time="4.732"/>
  <system-out/>
</testsuite> <!-- Guru99Practice.LoginTest -->
